path '/home/willem/.config/nixos/modules/scripts' does not contain a 'flake.nix', searching up
warning: Git tree '/home/willem/.config/nixos' is dirty
building the system configuration...
path '/home/willem/.config/nixos/modules/scripts' does not contain a 'flake.nix', searching up
warning: Git tree '/home/willem/.config/nixos' is dirty
these 10 derivations will be built:
  /nix/store/gv112n0397jm2xrwv75mxfkmhg0rb76q-rofi-1.7.5+wayland3.drv
  /nix/store/8rbihmy3kxx4q5lp6j953b1wg0q17yfq-home-manager-path.drv
  /nix/store/s769qq3hda6c090w64w0anfbrq7cjc9r-user-environment.drv
  /nix/store/g1v2dmipavppf3hqsq0zcvc11q3jgqzf-hm_fontconfigconf.d10hmfonts.conf.drv
  /nix/store/wz3vdzkby91lcdghd0j3yz56qkcrfn7s-home-manager-files.drv
  /nix/store/y0gij7h4zz3nlj03vdnpf5rn68q482b6-home-manager-generation.drv
  /nix/store/c871wyfmhdgya6li96zjx34d7fcqkzzb-unit-home-manager-willem.service.drv
  /nix/store/wb55mpaz6d7cnkk2p95g3x3ay8g3fkv9-system-units.drv
  /nix/store/br9mz6fvplk0l8vabdp5qrr42jrf5ggm-etc.drv
  /nix/store/kmd391wnkvlsqx8mzd5mws3x6bxahrni-nixos-system-nixos-24.11.20241004.bc947f5.drv
these 5 paths will be fetched (0.90 MiB download, 2.51 MiB unpacked):
  /nix/store/dhbb754dg25wsl29i621070wk874ifav-hyprlock-0.4.1
  /nix/store/xlg7jy76ysawq8lfshngsz76kp01n3v8-hyprpaper-0.7.1
  /nix/store/yamw9igrv93n5dhmlfhpkh03v6y620y1-librsvg-2.58.2-dev
  /nix/store/90ysd3b23fjxwq9bhnd3jm8cxrzygp21-rofi-wayland-unwrapped-1.7.5+wayland3
  /nix/store/mhw0z6r4rvbypci4nkd4imciak54kafj-wrap-gapps-hook
copying path '/nix/store/dhbb754dg25wsl29i621070wk874ifav-hyprlock-0.4.1' from 'https://cache.nixos.org'...
copying path '/nix/store/xlg7jy76ysawq8lfshngsz76kp01n3v8-hyprpaper-0.7.1' from 'https://cache.nixos.org'...
copying path '/nix/store/90ysd3b23fjxwq9bhnd3jm8cxrzygp21-rofi-wayland-unwrapped-1.7.5+wayland3' from 'https://cache.nixos.org'...
copying path '/nix/store/yamw9igrv93n5dhmlfhpkh03v6y620y1-librsvg-2.58.2-dev' from 'https://cache.nixos.org'...
copying path '/nix/store/mhw0z6r4rvbypci4nkd4imciak54kafj-wrap-gapps-hook' from 'https://cache.nixos.org'...
building '/nix/store/gv112n0397jm2xrwv75mxfkmhg0rb76q-rofi-1.7.5+wayland3.drv'...
building '/nix/store/8rbihmy3kxx4q5lp6j953b1wg0q17yfq-home-manager-path.drv'...
building '/nix/store/g1v2dmipavppf3hqsq0zcvc11q3jgqzf-hm_fontconfigconf.d10hmfonts.conf.drv'...
building '/nix/store/s769qq3hda6c090w64w0anfbrq7cjc9r-user-environment.drv'...
building '/nix/store/wz3vdzkby91lcdghd0j3yz56qkcrfn7s-home-manager-files.drv'...
building '/nix/store/y0gij7h4zz3nlj03vdnpf5rn68q482b6-home-manager-generation.drv'...
building '/nix/store/c871wyfmhdgya6li96zjx34d7fcqkzzb-unit-home-manager-willem.service.drv'...
building '/nix/store/wb55mpaz6d7cnkk2p95g3x3ay8g3fkv9-system-units.drv'...
building '/nix/store/br9mz6fvplk0l8vabdp5qrr42jrf5ggm-etc.drv'...
building '/nix/store/kmd391wnkvlsqx8mzd5mws3x6bxahrni-nixos-system-nixos-24.11.20241004.bc947f5.drv'...
updating GRUB 2 menu...
Warning: os-prober will be executed to detect other bootable partitions.
Its output will be used to detect bootable binaries on them and create new boot entries.
lsblk: /dev/mapper/no*[0-9]: not a block device
lsblk: /dev/mapper/block*[0-9]: not a block device
lsblk: /dev/mapper/devices*[0-9]: not a block device
lsblk: /dev/mapper/found*[0-9]: not a block device
activating the configuration...
setting up /etc...
reloading user units for willem...
restarting sysinit-reactivation.target
restarting the following units: home-manager-willem.service
the following new units were started: run-credentials-systemd\x2dtmpfiles\x2dresetup.service.mount, sysinit-reactivation.target, systemd-tmpfiles-resetup.service
